<?xml version="1.0" encoding="UTF-8"?>
<testsuite name="RunTests" time="0.003" tests="5" errors="0" skipped="0" failures="0">
  <properties>
[...]
</properties>
  <testcase name="Gitt at en bruker velger liten startpakke" classname="Scenario: Trykk gjennomfør bestilling" time="0.002"/>
  <testcase name="Når brukeren trykker på &quot;gjennomfør bestilling&quot;" classname="Scenario: Trykk gjennomfør bestilling" time="0"/>
  <testcase name="Så skal brukeren få en ordrebekreftelse" classname="Scenario: Trykk gjennomfør bestilling" time="0"/>
  <testcase name="Og ordrestatus skal opprettes" classname="Scenario: Trykk gjennomfør bestilling" time="0"/>
  <testcase name="Scenario: Trykk gjennomfør bestilling" classname="Scenario: Trykk gjennomfør bestilling" time="0.001"/>
</testsuite>